<?xml version="1.0" encoding="UTF-8"?>
<!-- Generated by org.testng.reporters.JUnitXMLReporter -->
<testsuite hostname="Raktim" ignored="0" name="Test" tests="3" failures="0" timestamp="2022-02-24T15:39:55 IST" time="175.133" errors="0">
  <testcase name="totalValidation" time="72.274" classname="Appium.AppiumFramework.GeneralStoreAppTest"/>
  <testcase name="apiDemo" time="50.888" classname="Appium.AppiumFramework.APiDemoTest"/>
  <testcase name="apiDemo" time="48.811" classname="Appium.AppiumFramework.APiDemoTest"/>
</testsuite> <!-- Test -->
