<?xml version="1.0" encoding="UTF-8"?>
<!-- Generated by org.testng.reporters.JUnitXMLReporter -->
<testsuite hostname="Raktim" ignored="0" name="Test" tests="3" failures="0" timestamp="2022-02-24T16:31:00 IST" time="229.693" errors="0">
  <testcase name="totalValidation" time="108.027" classname="Appium.AppiumFramework.GeneralStoreAppTest"/>
  <testcase name="apiDemo" time="61.09" classname="Appium.AppiumFramework.APiDemoTest"/>
  <testcase name="apiDemo" time="57.354" classname="Appium.AppiumFramework.APiDemoTest"/>
</testsuite> <!-- Test -->
