<?xml version="1.0" encoding="UTF-8"?>
<testsuite xmlns:xsi="http://www.w3.org/2001/XMLSchema-instance" xsi:noNamespaceSchemaLocation="https://maven.apache.org/surefire/maven-surefire-plugin/xsd/surefire-test-report.xsd" name="TestSuite" time="232.584" tests="3" errors="0" skipped="0" failures="0">
  <properties>
[...]
</properties>
  <testcase name="totalValidation" classname="Appium.AppiumFramework.GeneralStoreAppTest" time="109.023"/>
  <testcase name="apiDemo" classname="Appium.AppiumFramework.APiDemoTest" time="60.509"/>
  <testcase name="apiDemo" classname="Appium.AppiumFramework.APiDemoTest" time="57.075"/>
</testsuite>