<?xml version="1.0" encoding="UTF-8"?>
<testng-results skipped="0" failed="0" ignored="0" total="3" passed="3">
  <reporter-output>
  </reporter-output>
  <suite name="Suite" duration-ms="229693" started-at="2022-02-24T16:27:10 IST" finished-at="2022-02-24T16:31:00 IST">
    <groups>
    </groups>
    <test name="Test" duration-ms="229693" started-at="2022-02-24T16:27:10 IST" finished-at="2022-02-24T16:31:00 IST">
      <class name="Appium.AppiumFramework.APiDemoTest">
        <test-method status="PASS" signature="apiDemo(java.lang.String)[pri:0, instance:Appium.AppiumFramework.APiDemoTest@3234e239]" name="apiDemo" duration-ms="61090" started-at="2022-02-24T16:29:01 IST" data-provider="InputData" finished-at="2022-02-24T16:30:02 IST">
          <params>
            <param index="0">
              <value>
                <![CDATA[hello]]>
              </value>
            </param>
          </params>
          <reporter-output>
          </reporter-output>
        </test-method> <!-- apiDemo -->
        <test-method status="PASS" signature="apiDemo(java.lang.String)[pri:0, instance:Appium.AppiumFramework.APiDemoTest@3234e239]" name="apiDemo" duration-ms="57354" started-at="2022-02-24T16:30:02 IST" data-provider="InputData" finished-at="2022-02-24T16:31:00 IST">
          <params>
            <param index="0">
              <value>
                <![CDATA[!@#$]]>
              </value>
            </param>
          </params>
          <reporter-output>
          </reporter-output>
        </test-method> <!-- apiDemo -->
      </class> <!-- Appium.AppiumFramework.APiDemoTest -->
      <class name="Appium.AppiumFramework.GeneralStoreAppTest">
        <test-method status="PASS" signature="killAllNodes()[pri:0, instance:Appium.AppiumFramework.GeneralStoreAppTest@6f195bc3]" name="killAllNodes" is-config="true" duration-ms="3066" started-at="2022-02-24T16:27:10 IST" finished-at="2022-02-24T16:27:13 IST">
          <reporter-output>
          </reporter-output>
        </test-method> <!-- killAllNodes -->
        <test-method status="PASS" signature="totalValidation()[pri:0, instance:Appium.AppiumFramework.GeneralStoreAppTest@6f195bc3]" name="totalValidation" duration-ms="108027" started-at="2022-02-24T16:27:13 IST" finished-at="2022-02-24T16:29:01 IST">
          <reporter-output>
          </reporter-output>
        </test-method> <!-- totalValidation -->
      </class> <!-- Appium.AppiumFramework.GeneralStoreAppTest -->
    </test> <!-- Test -->
  </suite> <!-- Suite -->
</testng-results>
